<?xml version="1.0" encoding="UTF-8"?>
<!-- Generated by org.testng.reporters.JUnitXMLReporter -->
<testsuite ignored="2" hostname="Aadya" failures="1" tests="2" name="Test" time="12.571" errors="0" timestamp="2023-02-02T14:41:22 IST">
  <testcase classname="testngassertion.ExcludeInclude" name="verifyUrlOfPage" time="0.021">
    <failure type="java.lang.AssertionError" message="The following asserts failed:
	verifying URL expected [http://dthahab.com/Setting/Splash/Create] but found [http://dthahab.com/Account/Login?ReturnUrl=%2fSetting%2fSplash%2fCreate]">
      <![CDATA[java.lang.AssertionError: The following asserts failed:
verifying URL expected [http://dthahab.com/Setting/Splash/Create] but found [http://dthahab.com/Account/Login?ReturnUrl=%2fSetting%2fSplash%2fCreate]
at testngassertion.ExcludeInclude.verifyUrlOfPage(ExcludeInclude.java:32)
at java.base/java.util.ArrayList.forEach(ArrayList.java:1511)
... Removed 29 stack frames]]>
    </failure>
  </testcase> <!-- verifyUrlOfPage -->
  <testcase classname="testngassertion.ExcludeInclude" name="verifyDashBoardAfterLogin" time="2.413"/>
  <testcase classname="testngassertion.ExcludeInclude" name="verifyDashBoardPageBlocks" time="0.0">
    <ignored/>
  </testcase> <!-- verifyDashBoardPageBlocks -->
  <testcase classname="testngassertion.ExcludeInclude" name="verifyTitleOfPage" time="0.0">
    <ignored/>
  </testcase> <!-- verifyTitleOfPage -->
</testsuite> <!-- Test -->
