<?xml version="1.0" encoding="UTF-8"?>
<!-- Generated by org.testng.reporters.JUnitXMLReporter -->
<testsuite ignored="2" hostname="Aadya" failures="0" tests="7" name="Test" time="22.958" errors="0" timestamp="2023-02-16T08:36:43 IST">
  <testcase classname="test.LoginTest" name="verifyBuildTitleName" time="0.018"/>
  <testcase classname="test.LoginTest" name="verifyTitleOfLoginPage" time="4.021"/>
  <testcase classname="test.LoginTest" name="verifyCurrentUrlOfPage" time="0.007"/>
  <testcase classname="test.LoginTest" name="verifyLoginWithCorrectCredentials" time="2.94"/>
  <testcase classname="test.PIMTest" name="verifyPimPageTitle" time="4.235"/>
  <testcase classname="test.PIMTest" name="verifyEmpSearchEmpId" time="0.177"/>
  <testcase classname="test.PIMTest" name="TestIngChanges" time="0.001"/>
  <testcase classname="test.BaseTest" name="@AfterSuite logoutUser" time="0.0">
    <ignored/>
  </testcase> <!-- @AfterSuite logoutUser -->
  <testcase classname="test.BaseTest" name="@BeforeSuite initBrowser" time="0.0">
    <ignored/>
  </testcase> <!-- @BeforeSuite initBrowser -->
</testsuite> <!-- Test -->
