<?xml version="1.0" encoding="UTF-8"?>
<testng-results ignored="2" total="9" passed="7" failed="0" skipped="0">
  <reporter-output>
  </reporter-output>
  <suite started-at="2023-02-16T08:38:14 IST" name="Suite" finished-at="2023-02-16T08:38:34 IST" duration-ms="19659">
    <groups>
      <group name="regression">
        <method signature="LoginTest.verifyBuildTitleName()[pri:-1, instance:test.LoginTest@5677323c]" name="verifyBuildTitleName" class="test.LoginTest"/>
        <method signature="LoginTest.verifyTitleOfLoginPage()[pri:0, instance:test.LoginTest@5677323c]" name="verifyTitleOfLoginPage" class="test.LoginTest"/>
        <method signature="LoginTest.verifyCurrentUrlOfPage()[pri:1, instance:test.LoginTest@5677323c]" name="verifyCurrentUrlOfPage" class="test.LoginTest"/>
        <method signature="LoginTest.verifyLoginWithCorrectCredentials()[pri:2, instance:test.LoginTest@5677323c]" name="verifyLoginWithCorrectCredentials" class="test.LoginTest"/>
        <method signature="PIMTest.verifyPimPageTitle()[pri:3, instance:test.PIMTest@5ab956d7]" name="verifyPimPageTitle" class="test.PIMTest"/>
        <method signature="PIMTest.verifyEmpSearchEmpId()[pri:4, instance:test.PIMTest@5ab956d7]" name="verifyEmpSearchEmpId" class="test.PIMTest"/>
        <method signature="PIMTest.TestIngChanges()[pri:5, instance:test.PIMTest@5ab956d7]" name="TestIngChanges" class="test.PIMTest"/>
      </group> <!-- regression -->
      <group name="smoke">
        <method signature="LoginTest.verifyBuildTitleName()[pri:-1, instance:test.LoginTest@5677323c]" name="verifyBuildTitleName" class="test.LoginTest"/>
        <method signature="LoginTest.verifyTitleOfLoginPage()[pri:0, instance:test.LoginTest@5677323c]" name="verifyTitleOfLoginPage" class="test.LoginTest"/>
        <method signature="LoginTest.verifyCurrentUrlOfPage()[pri:1, instance:test.LoginTest@5677323c]" name="verifyCurrentUrlOfPage" class="test.LoginTest"/>
        <method signature="LoginTest.verifyLoginWithCorrectCredentials()[pri:2, instance:test.LoginTest@5677323c]" name="verifyLoginWithCorrectCredentials" class="test.LoginTest"/>
        <method signature="PIMTest.verifyPimPageTitle()[pri:3, instance:test.PIMTest@5ab956d7]" name="verifyPimPageTitle" class="test.PIMTest"/>
        <method signature="PIMTest.verifyEmpSearchEmpId()[pri:4, instance:test.PIMTest@5ab956d7]" name="verifyEmpSearchEmpId" class="test.PIMTest"/>
        <method signature="PIMTest.TestIngChanges()[pri:5, instance:test.PIMTest@5ab956d7]" name="TestIngChanges" class="test.PIMTest"/>
      </group> <!-- smoke -->
    </groups>
    <test started-at="2023-02-16T08:38:14 IST" name="Test" finished-at="2023-02-16T08:38:34 IST" duration-ms="19659">
      <class name="test.PIMTest">
        <test-method is-config="true" signature="pageObjects()[pri:0, instance:test.PIMTest@5ab956d7]" started-at="2023-02-16T08:38:25 IST" name="pageObjects" finished-at="2023-02-16T08:38:25 IST" duration-ms="2" status="PASS">
          <reporter-output>
          </reporter-output>
        </test-method> <!-- pageObjects -->
        <test-method is-config="true" signature="login()[pri:0, instance:test.PIMTest@5ab956d7]" started-at="2023-02-16T08:38:25 IST" name="login" finished-at="2023-02-16T08:38:28 IST" duration-ms="2187" status="PASS">
          <reporter-output>
          </reporter-output>
        </test-method> <!-- login -->
        <test-method signature="verifyPimPageTitle()[pri:3, instance:test.PIMTest@5ab956d7]" started-at="2023-02-16T08:38:28 IST" name="verifyPimPageTitle" finished-at="2023-02-16T08:38:30 IST" duration-ms="2192" status="PASS">
          <reporter-output>
          </reporter-output>
        </test-method> <!-- verifyPimPageTitle -->
        <test-method signature="verifyEmpSearchEmpId()[pri:4, instance:test.PIMTest@5ab956d7]" started-at="2023-02-16T08:38:30 IST" name="verifyEmpSearchEmpId" finished-at="2023-02-16T08:38:30 IST" duration-ms="168" status="PASS">
          <reporter-output>
          </reporter-output>
        </test-method> <!-- verifyEmpSearchEmpId -->
        <test-method signature="TestIngChanges()[pri:5, instance:test.PIMTest@5ab956d7]" started-at="2023-02-16T08:38:30 IST" name="TestIngChanges" finished-at="2023-02-16T08:38:30 IST" duration-ms="1" status="PASS">
          <reporter-output>
          </reporter-output>
        </test-method> <!-- TestIngChanges -->
        <test-method is-config="true" signature="logOutUser()[pri:0, instance:test.PIMTest@5ab956d7]" started-at="2023-02-16T08:38:30 IST" name="logOutUser" finished-at="2023-02-16T08:38:34 IST" duration-ms="4102" status="PASS">
          <reporter-output>
          </reporter-output>
        </test-method> <!-- logOutUser -->
      </class> <!-- test.PIMTest -->
      <class name="test.LoginTest">
        <test-method is-config="true" signature="initBrowser()[pri:0, instance:test.LoginTest@5677323c]" started-at="2023-02-16T08:37:19 IST" name="initBrowser" finished-at="2023-02-16T08:38:14 IST" duration-ms="55366" status="PASS">
          <reporter-output>
          </reporter-output>
        </test-method> <!-- initBrowser -->
        <test-method is-config="true" signature="pageObjects()[pri:0, instance:test.LoginTest@5677323c]" started-at="2023-02-16T08:38:14 IST" name="pageObjects" finished-at="2023-02-16T08:38:14 IST" duration-ms="22" status="PASS">
          <reporter-output>
          </reporter-output>
        </test-method> <!-- pageObjects -->
        <test-method signature="verifyBuildTitleName()[pri:-1, instance:test.LoginTest@5677323c]" started-at="2023-02-16T08:38:14 IST" name="verifyBuildTitleName" finished-at="2023-02-16T08:38:14 IST" duration-ms="13" status="PASS">
          <reporter-output>
          </reporter-output>
        </test-method> <!-- verifyBuildTitleName -->
        <test-method signature="verifyTitleOfLoginPage()[pri:0, instance:test.LoginTest@5677323c]" started-at="2023-02-16T08:38:14 IST" name="verifyTitleOfLoginPage" finished-at="2023-02-16T08:38:19 IST" duration-ms="4576" status="PASS">
          <reporter-output>
          </reporter-output>
        </test-method> <!-- verifyTitleOfLoginPage -->
        <test-method signature="verifyCurrentUrlOfPage()[pri:1, instance:test.LoginTest@5677323c]" started-at="2023-02-16T08:38:19 IST" name="verifyCurrentUrlOfPage" finished-at="2023-02-16T08:38:19 IST" duration-ms="9" status="PASS">
          <reporter-output>
          </reporter-output>
        </test-method> <!-- verifyCurrentUrlOfPage -->
        <test-method signature="verifyLoginWithCorrectCredentials()[pri:2, instance:test.LoginTest@5677323c]" started-at="2023-02-16T08:38:19 IST" name="verifyLoginWithCorrectCredentials" finished-at="2023-02-16T08:38:21 IST" duration-ms="2105" status="PASS">
          <reporter-output>
          </reporter-output>
        </test-method> <!-- verifyLoginWithCorrectCredentials -->
        <test-method is-config="true" signature="logOutUser()[pri:0, instance:test.LoginTest@5677323c]" started-at="2023-02-16T08:38:21 IST" name="logOutUser" finished-at="2023-02-16T08:38:25 IST" duration-ms="4223" status="PASS">
          <reporter-output>
          </reporter-output>
        </test-method> <!-- logOutUser -->
        <test-method is-config="true" signature="logoutUser()[pri:0, instance:test.LoginTest@5677323c]" started-at="2023-02-16T08:38:34 IST" name="logoutUser" finished-at="2023-02-16T08:38:35 IST" duration-ms="848" status="PASS">
          <reporter-output>
          </reporter-output>
        </test-method> <!-- logoutUser -->
      </class> <!-- test.LoginTest -->
    </test> <!-- Test -->
  </suite> <!-- Suite -->
</testng-results>
