<?xml version="1.0" encoding="UTF-8"?>
<!-- Generated by org.testng.reporters.JUnitXMLReporter -->
<testsuite ignored="2" hostname="Aadya" failures="0" tests="7" name="Test" time="19.659" errors="0" timestamp="2023-02-16T08:38:34 IST">
  <testcase classname="test.LoginTest" name="verifyBuildTitleName" time="0.013"/>
  <testcase classname="test.LoginTest" name="verifyTitleOfLoginPage" time="4.576"/>
  <testcase classname="test.LoginTest" name="verifyCurrentUrlOfPage" time="0.009"/>
  <testcase classname="test.LoginTest" name="verifyLoginWithCorrectCredentials" time="2.105"/>
  <testcase classname="test.PIMTest" name="verifyPimPageTitle" time="2.192"/>
  <testcase classname="test.PIMTest" name="verifyEmpSearchEmpId" time="0.168"/>
  <testcase classname="test.PIMTest" name="TestIngChanges" time="0.001"/>
  <testcase classname="test.BaseTest" name="@AfterSuite logoutUser" time="0.0">
    <ignored/>
  </testcase> <!-- @AfterSuite logoutUser -->
  <testcase classname="test.BaseTest" name="@BeforeSuite initBrowser" time="0.0">
    <ignored/>
  </testcase> <!-- @BeforeSuite initBrowser -->
</testsuite> <!-- Test -->
