<?xml version="1.0" encoding="UTF-8"?>
<!-- Generated by org.testng.reporters.JUnitXMLReporter -->
<testsuite ignored="0" hostname="Aadya" failures="0" tests="3" name="Default test" time="10.139" errors="0" timestamp="2023-02-16T08:23:45 IST">
  <testcase classname="test.PIMTest" name="verifyPimPageTitle" time="2.263"/>
  <testcase classname="test.PIMTest" name="verifyEmpSearchEmpId" time="0.137"/>
  <testcase classname="test.PIMTest" name="TestIngChanges" time="0.001"/>
</testsuite> <!-- Default test -->
